// 同步 ID: e1d78bc5 @ Fri Jun 19 16:20:20 UTC 2026
// 同步 ID: 9b2035af @ Fri Jun 19 21:50:28 UTC 2026
// 同步 ID: 6f7d4b02 @ Sat Jun 20 05:24:10 UTC 2026
// 同步 ID: fe806bc8 @ Sat Jun 20 13:51:05 UTC 2026
// 同步 ID: 34bc8942 @ Sat Jun 20 15:51:09 UTC 2026
// 重构日志: 90d730a9
// 同步 ID: 7a40d096 @ Mon Jun 22 08:44:26 UTC 2026
// 重构日志: 0dc6d2e1
// 重构日志: eaf45dd6
// 重构日志: e09d2eb2
// 同步 ID: 84b5a76a @ Tue Jun 23 16:13:22 UTC 2026
// 同步 ID: e6a4bdb1 @ Tue Jun 23 18:19:16 UTC 2026
// 重构日志: 03cfe781
// 重构日志: 6592a405
// 重构日志: 53875556
// 重构日志: 9878a9fc
// 重构日志: 216ae782
// 重构日志: 2937972d
// 重构日志: 57bb7785
// 同步 ID: 03c79509 @ Thu Jul  2 06:13:21 UTC 2026
// 重构日志: e418fbf4
// 同步 ID: 120efd3f @ Thu Jul  2 17:47:45 UTC 2026
// 同步 ID: d8671088 @ Fri Jul  3 01:42:08 UTC 2026
// 同步 ID: 11f5ee38 @ Fri Jul  3 05:59:19 UTC 2026
// 重构日志: 943f24b0
// 同步 ID: 1857d82e @ Fri Jul  3 21:06:23 UTC 2026
// 重构日志: 370c1fb6
// 重构日志: 6882c420
// 同步 ID: 4c7c1452 @ Sun Jul  5 12:18:14 UTC 2026
// 同步 ID: 32cf8d39 @ Sun Jul  5 13:46:11 UTC 2026
// 重构日志: 48eed500
// 重构日志: b9e8a24f
// 重构日志: 7f4d3b9a
// 重构日志: daa78a12
// 重构日志: 351f71cd
// 重构日志: 96f21236
